commit de7e717c5668ebcfb4a931d0f77e406788c1f98e
Author: Nikit Shingari <nshingari@gmail.com>
Date:   Wed Oct 6 00:03:44 2021 -0500

    Phase 2 again

commit ee1dc9f8921f108fc82126de443e1bba29bfe1f8
Author: Nikit Shingari <nshingari@gmail.com>
Date:   Tue Oct 5 16:15:02 2021 -0500

    Phase2 commit

commit 4ec4bd6db96a64057689358fc36ede79fabf7748
Author: Nikit Shingari <nshingari@gmail.com>
Date:   Sun Sep 26 17:22:01 2021 -0500

    Dev Commit

commit 430f48958e9a28a32cba0be247d7d2bfe2b5a173
Author: Nikit Shingari <nshingari@gmail.com>
Date:   Tue Sep 21 13:15:57 2021 -0500

    Second Commit

commit 549476d012513104c8eecd825da3ecf1c37e92da
Author: Nikit Shingari <nshingari@gmail.com>
Date:   Thu Sep 16 13:31:52 2021 -0500

    Log Commit

commit 62f127e64499feae369a412a57fb07a4e8284f99
Author: Fares Fraij <fares@cs.utexas.edu>
Date:   Thu Aug 19 11:49:19 2021 -0500

    second commit

commit 6d2b7d583cb690ddd530dca1b62a4ceee6801712
Author: Fares Fraij <fares@cs.utexas.edu>
Date:   Mon Aug 16 12:13:51 2021 -0500

    first commit

commit dd3064687b0bfa07afed5edc1fc9b1227d6e1b2a
Author: Fares Fraij <fares@utexas.edu>
Date:   Sun Aug 15 22:49:52 2021 +0000

    Initial commit
