1 1 1
7 3 17
1 10 20
100 200 125
201 210 89
900 1000 174
5767 8998 262
345 789 171
23 980 179
2345 7899 262
3245 8790 262
1236 7890 262
899 8908 262
456 6789 262
346 5678 238
8765 8900 185
567 7890 262
1234 6789 262
4567 8908 262
34 789 171
6789 9876 260
4567 7890 262
125 898 179
34 678 145
567 899 179
23 789 171
456 890 179
45 678 145
567 890 179
2345 7899 262
567 678 145
23 6789 262
674 798 171
234 890 179
4567 9858 262
3456 8999 262
3245 8909 262
4567 5678 236
8087 8790 234
23 6788 262
111 222 125
567 982 179
3434 5645 238
786 6878 262
8797 9988 260
4567 9867 262
5676 6787 262
6667 7666 257
3445 7989 262
4567 8767 262
2335 3455 217
4664 8165 262
7899 9000 252
345 666 145
3 7 17
76 789 171
785 6899 262
46 6787 262
4657 7433 262
223 954 179
456 3218 217
98 345 144
76 2838 209
736 7890 262
9009 9999 260
424 612 142
2121 3234 217
1323 7777 262
779 7890 262
3338 8999 262
6867 9809 260
3456 8900 262
65 998 179
99 6666 262
999 2345 183
876 7890 262
45 543 144
229 9732 262
984 5263 238
3298 4798 238
9273 9482 198
892 3445 217
879 9801 262
6263 8888 257
903 8322 262
29 842 171
2938 4334 238
9430 9811 198
398 1833 182
7932 9238 252
4875 8984 262
9734 9992 242
6364 8904 257
911 2211 182
1892 5938 238
2039 8733 262
8743 9834 260
8379 9111 247
3985 9430 262
5898 7787 262
7565 9089 252
594 8945 262
974 9885 262
3455 8099 262
6664 7376 257
565 3333 217
